Android-Cookbook-Examples/GcmClient/build/outputs/logs/manifest-merger-debug-report.txt
-- Merging decision tree log ---
manifest
ADDED from Android-Cookbook-Examples/GcmClient/AndroidManifest.xml:2:1-44:12
INJECTED from Android-Cookbook-Examples/GcmClient/AndroidManifest.xml:2:1-44:12
INJECTED from Android-Cookbook-Examples/GcmClient/AndroidManifest.xml:2:1-44:12
MERGED from [com.android.support:appcompat-v7:28.0.0] AndroidManifest.xml:17:1-22:12
MERGED from [com.android.support:support-fragment:28.0.0] AndroidManifest.xml:17:1-22:12
MERGED from [com.android.support:animated-vector-drawable:28.0.0] AndroidManifest.xml:17:1-22:12
MERGED from [com.android.support:support-core-ui:28.0.0] AndroidManifest.xml:17:1-22:12
MERGED from [com.android.support:support-core-utils:28.0.0] AndroidManifest.xml:17:1-22:12
MERGED from [com.android.support:support-vector-drawable:28.0.0] AndroidManifest.xml:17:1-22:12
MERGED from [com.android.support:loader:28.0.0] AndroidManifest.xml:17:1-22:12
MERGED from [com.android.support:viewpager:28.0.0] AndroidManifest.xml:17:1-22:12
MERGED from [com.android.support:coordinatorlayout:28.0.0] AndroidManifest.xml:17:1-22:12
MERGED from [com.android.support:drawerlayout:28.0.0] AndroidManifest.xml:17:1-22:12
MERGED from [com.android.support:slidingpanelayout:28.0.0] AndroidManifest.xml:17:1-22:12
MERGED from [com.android.support:customview:28.0.0] AndroidManifest.xml:17:1-22:12
MERGED from [com.android.support:swiperefreshlayout:28.0.0] AndroidManifest.xml:17:1-22:12
MERGED from [com.android.support:asynclayoutinflater:28.0.0] AndroidManifest.xml:17:1-22:12
MERGED from [com.android.support:support-compat:28.0.0] AndroidManifest.xml:17:1-24:12
MERGED from [com.android.support:versionedparcelable:28.0.0] AndroidManifest.xml:17:1-25:12
MERGED from [com.android.support:cursoradapter:28.0.0] AndroidManifest.xml:17:1-22:12
MERGED from [android.arch.lifecycle:runtime:1.1.1] AndroidManifest.xml:17:1-22:12
MERGED from [com.android.support:documentfile:28.0.0] AndroidManifest.xml:17:1-22:12
MERGED from [com.android.support:localbroadcastmanager:28.0.0] AndroidManifest.xml:17:1-22:12
MERGED from [com.android.support:print:28.0.0] AndroidManifest.xml:17:1-22:12
MERGED from [android.arch.lifecycle:viewmodel:1.1.1] AndroidManifest.xml:17:1-22:12
MERGED from [android.arch.lifecycle:livedata:1.1.1] AndroidManifest.xml:17:1-22:12
MERGED from [android.arch.lifecycle:livedata-core:1.1.1] AndroidManifest.xml:17:1-22:12
MERGED from [android.arch.core:runtime:1.1.1] AndroidManifest.xml:17:1-22:12
MERGED from [com.android.support:interpolator:28.0.0] AndroidManifest.xml:17:1-22:12
INJECTED from Android-Cookbook-Examples/GcmClient/AndroidManifest.xml:2:1-44:12
INJECTED from Android-Cookbook-Examples/GcmClient/AndroidManifest.xml:2:1-44:12
	package
		ADDED from Android-Cookbook-Examples/GcmClient/AndroidManifest.xml:4:5-38
	android:versionName
		ADDED from Android-Cookbook-Examples/GcmClient/AndroidManifest.xml:6:5-30
		INJECTED from Android-Cookbook-Examples/GcmClient/AndroidManifest.xml
		INJECTED from Android-Cookbook-Examples/GcmClient/AndroidManifest.xml
	xmlns:android
		ADDED from Android-Cookbook-Examples/GcmClient/AndroidManifest.xml:3:5-63
	android:versionCode
		ADDED from Android-Cookbook-Examples/GcmClient/AndroidManifest.xml:5:5-28
		INJECTED from Android-Cookbook-Examples/GcmClient/AndroidManifest.xml
		INJECTED from Android-Cookbook-Examples/GcmClient/AndroidManifest.xml
uses-permission#android.permission.INTERNET
ADDED from Android-Cookbook-Examples/GcmClient/AndroidManifest.xml:8:5-67
	android:name
		ADDED from Android-Cookbook-Examples/GcmClient/AndroidManifest.xml:8:22-64
uses-permission#android.permission.GET_ACCOUNTS
ADDED from Android-Cookbook-Examples/GcmClient/AndroidManifest.xml:9:5-71
	android:name
		ADDED from Android-Cookbook-Examples/GcmClient/AndroidManifest.xml:9:22-68
uses-permission#android.permission.WAKE_LOCK
ADDED from Android-Cookbook-Examples/GcmClient/AndroidManifest.xml:10:5-68
	android:name
		ADDED from Android-Cookbook-Examples/GcmClient/AndroidManifest.xml:10:22-65
uses-permission#com.google.android.c2dm.permission.RECEIVE
ADDED from Android-Cookbook-Examples/GcmClient/AndroidManifest.xml:11:5-82
	android:name
		ADDED from Android-Cookbook-Examples/GcmClient/AndroidManifest.xml:11:22-79
permission#com.darwinsys.gcmplay.permission.C2D_MESSAGE
ADDED from Android-Cookbook-Examples/GcmClient/AndroidManifest.xml:13:5-14:47
	android:protectionLevel
		ADDED from Android-Cookbook-Examples/GcmClient/AndroidManifest.xml:14:9-44
	android:name
		ADDED from Android-Cookbook-Examples/GcmClient/AndroidManifest.xml:13:17-76
uses-permission#com.darwinsys.gcmplay.permission.C2D_MESSAGE
ADDED from Android-Cookbook-Examples/GcmClient/AndroidManifest.xml:15:5-84
	android:name
		ADDED from Android-Cookbook-Examples/GcmClient/AndroidManifest.xml:15:22-81
application
ADDED from Android-Cookbook-Examples/GcmClient/AndroidManifest.xml:17:5-42:19
MERGED from [com.android.support:support-compat:28.0.0] AndroidManifest.xml:22:5-94
MERGED from [com.android.support:support-compat:28.0.0] AndroidManifest.xml:22:5-94
MERGED from [com.android.support:versionedparcelable:28.0.0] AndroidManifest.xml:22:5-23:19
MERGED from [com.android.support:versionedparcelable:28.0.0] AndroidManifest.xml:22:5-23:19
	android:appComponentFactory
		ADDED from [com.android.support:support-compat:28.0.0] AndroidManifest.xml:22:18-91
	android:label
		ADDED from Android-Cookbook-Examples/GcmClient/AndroidManifest.xml:20:9-41
	android:icon
		ADDED from Android-Cookbook-Examples/GcmClient/AndroidManifest.xml:19:9-45
	android:allowBackup
		ADDED from Android-Cookbook-Examples/GcmClient/AndroidManifest.xml:18:9-35
	android:theme
		ADDED from Android-Cookbook-Examples/GcmClient/AndroidManifest.xml:21:9-40
meta-data#com.google.android.gms.version
ADDED from Android-Cookbook-Examples/GcmClient/AndroidManifest.xml:22:9-23:68
	android:value
		ADDED from Android-Cookbook-Examples/GcmClient/AndroidManifest.xml:23:12-65
	android:name
		ADDED from Android-Cookbook-Examples/GcmClient/AndroidManifest.xml:22:20-65
activity#com.darwinsys.gcmclient.GcmMainActivity
ADDED from Android-Cookbook-Examples/GcmClient/AndroidManifest.xml:24:9-31:20
	android:label
		ADDED from Android-Cookbook-Examples/GcmClient/AndroidManifest.xml:26:13-45
	android:name
		ADDED from Android-Cookbook-Examples/GcmClient/AndroidManifest.xml:25:13-67
intent-filter#action:name:android.intent.action.MAIN+category:name:android.intent.category.LAUNCHER
ADDED from Android-Cookbook-Examples/GcmClient/AndroidManifest.xml:27:13-30:29
action#android.intent.action.MAIN
ADDED from Android-Cookbook-Examples/GcmClient/AndroidManifest.xml:28:17-69
	android:name
		ADDED from Android-Cookbook-Examples/GcmClient/AndroidManifest.xml:28:25-66
category#android.intent.category.LAUNCHER
ADDED from Android-Cookbook-Examples/GcmClient/AndroidManifest.xml:29:17-77
	android:name
		ADDED from Android-Cookbook-Examples/GcmClient/AndroidManifest.xml:29:27-74
receiver#com.darwinsys.gcmclient.GcmReceiver
ADDED from Android-Cookbook-Examples/GcmClient/AndroidManifest.xml:32:9-38:20
	android:permission
		ADDED from Android-Cookbook-Examples/GcmClient/AndroidManifest.xml:33:13-73
	android:name
		ADDED from Android-Cookbook-Examples/GcmClient/AndroidManifest.xml:32:19-69
intent-filter#action:name:com.google.android.c2dm.intent.RECEIVE+category:name:com.darwinsys.gcmplay
ADDED from Android-Cookbook-Examples/GcmClient/AndroidManifest.xml:34:13-37:23
action#com.google.android.c2dm.intent.RECEIVE
ADDED from Android-Cookbook-Examples/GcmClient/AndroidManifest.xml:35:11-75
	android:name
		ADDED from Android-Cookbook-Examples/GcmClient/AndroidManifest.xml:35:19-72
category#com.darwinsys.gcmplay
ADDED from Android-Cookbook-Examples/GcmClient/AndroidManifest.xml:36:11-60
	android:name
		ADDED from Android-Cookbook-Examples/GcmClient/AndroidManifest.xml:36:21-57
service#com.darwinsys.gcmclient.GcmService
ADDED from Android-Cookbook-Examples/GcmClient/AndroidManifest.xml:39:9-41:19
	android:name
		ADDED from Android-Cookbook-Examples/GcmClient/AndroidManifest.xml:39:18-67
uses-sdk
INJECTED from Android-Cookbook-Examples/GcmClient/AndroidManifest.xml reason: use-sdk injection requested
INJECTED from Android-Cookbook-Examples/GcmClient/AndroidManifest.xml
INJECTED from Android-Cookbook-Examples/GcmClient/AndroidManifest.xml
MERGED from [com.android.support:appcompat-v7:28.0.0] AndroidManifest.xml:20:5-44
MERGED from [com.android.support:appcompat-v7:28.0.0] AndroidManifest.xml:20:5-44
MERGED from [com.android.support:support-fragment:28.0.0] AndroidManifest.xml:20:5-44
MERGED from [com.android.support:support-fragment:28.0.0] AndroidManifest.xml:20:5-44
MERGED from [com.android.support:animated-vector-drawable:28.0.0] AndroidManifest.xml:20:5-44
MERGED from [com.android.support:animated-vector-drawable:28.0.0] AndroidManifest.xml:20:5-44
MERGED from [com.android.support:support-core-ui:28.0.0] AndroidManifest.xml:20:5-44
MERGED from [com.android.support:support-core-ui:28.0.0] AndroidManifest.xml:20:5-44
MERGED from [com.android.support:support-core-utils:28.0.0] AndroidManifest.xml:20:5-44
MERGED from [com.android.support:support-core-utils:28.0.0] AndroidManifest.xml:20:5-44
MERGED from [com.android.support:support-vector-drawable:28.0.0] AndroidManifest.xml:20:5-44
MERGED from [com.android.support:support-vector-drawable:28.0.0] AndroidManifest.xml:20:5-44
MERGED from [com.android.support:loader:28.0.0] AndroidManifest.xml:20:5-44
MERGED from [com.android.support:loader:28.0.0] AndroidManifest.xml:20:5-44
MERGED from [com.android.support:viewpager:28.0.0] AndroidManifest.xml:20:5-44
MERGED from [com.android.support:viewpager:28.0.0] AndroidManifest.xml:20:5-44
MERGED from [com.android.support:coordinatorlayout:28.0.0] AndroidManifest.xml:20:5-44
MERGED from [com.android.support:coordinatorlayout:28.0.0] AndroidManifest.xml:20:5-44
MERGED from [com.android.support:drawerlayout:28.0.0] AndroidManifest.xml:20:5-44
MERGED from [com.android.support:drawerlayout:28.0.0] AndroidManifest.xml:20:5-44
MERGED from [com.android.support:slidingpanelayout:28.0.0] AndroidManifest.xml:20:5-44
MERGED from [com.android.support:slidingpanelayout:28.0.0] AndroidManifest.xml:20:5-44
MERGED from [com.android.support:customview:28.0.0] AndroidManifest.xml:20:5-44
MERGED from [com.android.support:customview:28.0.0] AndroidManifest.xml:20:5-44
MERGED from [com.android.support:swiperefreshlayout:28.0.0] AndroidManifest.xml:20:5-44
MERGED from [com.android.support:swiperefreshlayout:28.0.0] AndroidManifest.xml:20:5-44
MERGED from [com.android.support:asynclayoutinflater:28.0.0] AndroidManifest.xml:20:5-44
MERGED from [com.android.support:asynclayoutinflater:28.0.0] AndroidManifest.xml:20:5-44
MERGED from [com.android.support:support-compat:28.0.0] AndroidManifest.xml:20:5-44
MERGED from [com.android.support:support-compat:28.0.0] AndroidManifest.xml:20:5-44
MERGED from [com.android.support:versionedparcelable:28.0.0] AndroidManifest.xml:20:5-44
MERGED from [com.android.support:versionedparcelable:28.0.0] AndroidManifest.xml:20:5-44
MERGED from [com.android.support:cursoradapter:28.0.0] AndroidManifest.xml:20:5-44
MERGED from [com.android.support:cursoradapter:28.0.0] AndroidManifest.xml:20:5-44
MERGED from [android.arch.lifecycle:runtime:1.1.1] AndroidManifest.xml:20:5-44
MERGED from [android.arch.lifecycle:runtime:1.1.1] AndroidManifest.xml:20:5-44
MERGED from [com.android.support:documentfile:28.0.0] AndroidManifest.xml:20:5-44
MERGED from [com.android.support:documentfile:28.0.0] AndroidManifest.xml:20:5-44
MERGED from [com.android.support:localbroadcastmanager:28.0.0] AndroidManifest.xml:20:5-44
MERGED from [com.android.support:localbroadcastmanager:28.0.0] AndroidManifest.xml:20:5-44
MERGED from [com.android.support:print:28.0.0] AndroidManifest.xml:20:5-44
MERGED from [com.android.support:print:28.0.0] AndroidManifest.xml:20:5-44
MERGED from [android.arch.lifecycle:viewmodel:1.1.1] AndroidManifest.xml:20:5-44
MERGED from [android.arch.lifecycle:viewmodel:1.1.1] AndroidManifest.xml:20:5-44
MERGED from [android.arch.lifecycle:livedata:1.1.1] AndroidManifest.xml:20:5-44
MERGED from [android.arch.lifecycle:livedata:1.1.1] AndroidManifest.xml:20:5-44
MERGED from [android.arch.lifecycle:livedata-core:1.1.1] AndroidManifest.xml:20:5-44
MERGED from [android.arch.lifecycle:livedata-core:1.1.1] AndroidManifest.xml:20:5-44
MERGED from [android.arch.core:runtime:1.1.1] AndroidManifest.xml:20:5-44
MERGED from [android.arch.core:runtime:1.1.1] AndroidManifest.xml:20:5-44
MERGED from [com.android.support:interpolator:28.0.0] AndroidManifest.xml:20:5-44
MERGED from [com.android.support:interpolator:28.0.0] AndroidManifest.xml:20:5-44
INJECTED from Android-Cookbook-Examples/GcmClient/AndroidManifest.xml
INJECTED from Android-Cookbook-Examples/GcmClient/AndroidManifest.xml
	android:targetSdkVersion
		INJECTED from Android-Cookbook-Examples/GcmClient/AndroidManifest.xml
		ADDED from Android-Cookbook-Examples/GcmClient/AndroidManifest.xml
		INJECTED from Android-Cookbook-Examples/GcmClient/AndroidManifest.xml
	android:minSdkVersion
		INJECTED from Android-Cookbook-Examples/GcmClient/AndroidManifest.xml
		ADDED from Android-Cookbook-Examples/GcmClient/AndroidManifest.xml
		INJECTED from Android-Cookbook-Examples/GcmClient/AndroidManifest.xml